Build started 9/8/2015 1:31:43 PM.
     1>Project "c:\Users\Nicole\documents\visual studio 2013\Projects\DuckHunt\DuckHunt.vcxproj" on node 2 (Build target(s)).
     1>FxCompile:
         C:\Users\Nicole\Documents\DirectXSDL\DirectX SDK June 2010\Utilities\bin\x86\fxc.exe /nologo /E"main" /T fx_5_0 /Fo "c:\users\nicole\documents\visual studio 2013\Projects\DuckHunt\Debug\Basic.cso" /Od /Zi FX\Basic.fx 
         compilation succeeded; see c:\users\nicole\documents\visual studio 2013\Projects\DuckHunt\Debug\Basic.cso
         C:\Users\Nicole\Documents\DirectXSDL\DirectX SDK June 2010\Utilities\bin\x86\fxc.exe /nologo /E"main" /T fx_5_0 /Fo "c:\users\nicole\documents\visual studio 2013\Projects\DuckHunt\Debug\BuildShadowMap.cso" /Od /Zi FX\BuildShadowMap.fx 
         compilation succeeded; see c:\users\nicole\documents\visual studio 2013\Projects\DuckHunt\Debug\BuildShadowMap.cso
         C:\Users\Nicole\Documents\DirectXSDL\DirectX SDK June 2010\Utilities\bin\x86\fxc.exe /nologo /E"main" /T fx_5_0 /Fo "c:\users\nicole\documents\visual studio 2013\Projects\DuckHunt\Debug\DebugTexture.cso" /Od /Zi FX\DebugTexture.fx 
         compilation succeeded; see c:\users\nicole\documents\visual studio 2013\Projects\DuckHunt\Debug\DebugTexture.cso
         C:\Users\Nicole\Documents\DirectXSDL\DirectX SDK June 2010\Utilities\bin\x86\fxc.exe /nologo /E"main" /T fx_5_0 /Fo "c:\users\nicole\documents\visual studio 2013\Projects\DuckHunt\Debug\LightHelper.cso" /Od /Zi FX\LightHelper.fx 
         compilation succeeded; see c:\users\nicole\documents\visual studio 2013\Projects\DuckHunt\Debug\LightHelper.cso
         C:\Users\Nicole\Documents\DirectXSDL\DirectX SDK June 2010\Utilities\bin\x86\fxc.exe /nologo /E"main" /T fx_5_0 /Fo "c:\users\nicole\documents\visual studio 2013\Projects\DuckHunt\Debug\NormalMap.cso" /Od /Zi FX\NormalMap.fx 
         compilation succeeded; see c:\users\nicole\documents\visual studio 2013\Projects\DuckHunt\Debug\NormalMap.cso
         C:\Users\Nicole\Documents\DirectXSDL\DirectX SDK June 2010\Utilities\bin\x86\fxc.exe /nologo /E"main" /T fx_5_0 /Fo "c:\users\nicole\documents\visual studio 2013\Projects\DuckHunt\Debug\Sky.cso" /Od /Zi FX\Sky.fx 
         compilation succeeded; see c:\users\nicole\documents\visual studio 2013\Projects\DuckHunt\Debug\Sky.cso
         C:\Users\Nicole\Documents\DirectXSDL\DirectX SDK June 2010\Utilities\bin\x86\fxc.exe /nologo /E"main" /T fx_5_0 /Fo "c:\users\nicole\documents\visual studio 2013\Projects\DuckHunt\Debug\Ssao.cso" /Od /Zi FX\Ssao.fx 
         compilation succeeded; see c:\users\nicole\documents\visual studio 2013\Projects\DuckHunt\Debug\Ssao.cso
         C:\Users\Nicole\Documents\DirectXSDL\DirectX SDK June 2010\Utilities\bin\x86\fxc.exe /nologo /E"main" /T fx_5_0 /Fo "c:\users\nicole\documents\visual studio 2013\Projects\DuckHunt\Debug\SsaoBlur.cso" /Od /Zi FX\SsaoBlur.fx 
         compilation succeeded; see c:\users\nicole\documents\visual studio 2013\Projects\DuckHunt\Debug\SsaoBlur.cso
         C:\Users\Nicole\Documents\DirectXSDL\DirectX SDK June 2010\Utilities\bin\x86\fxc.exe /nologo /E"main" /T fx_5_0 /Fo "c:\users\nicole\documents\visual studio 2013\Projects\DuckHunt\Debug\SsaoNormalDepth.cso" /Od /Zi FX\SsaoNormalDepth.fx 
         compilation succeeded; see c:\users\nicole\documents\visual studio 2013\Projects\DuckHunt\Debug\SsaoNormalDepth.cso
       ClCompile:
         C:\Program Files (x86)\Microsoft Visual Studio 12.0\VC\bin\CL.exe /c /ZI /nologo /W3 /WX- /Od /Oy- /D WIN32 /D _DEBUG /D _WINDOWS /D _UNICODE /D UNICODE /Gm /EHsc /RTC1 /MDd /GS /fp:precise /Zc:wchar_t /Zc:forScope /Fo"Debug\\" /Fd"Debug\vc120.pdb" /Gd /TP /analyze- /errorReport:prompt ..\..\..\..\Desktop\DuckHunt\Common\Camera.cpp ..\..\..\..\Desktop\DuckHunt\Common\d3dApp.cpp ..\..\..\..\Desktop\DuckHunt\Common\d3dUtil.cpp ..\..\..\..\Desktop\DuckHunt\Common\GameTimer.cpp ..\..\..\..\Desktop\DuckHunt\Common\GeometryGenerator.cpp ..\..\..\..\Desktop\DuckHunt\Common\LightHelper.cpp ..\..\..\..\Desktop\DuckHunt\Common\MathHelper.cpp ..\..\..\..\Desktop\DuckHunt\Common\TextureMgr.cpp ..\..\..\..\Desktop\DuckHunt\Common\Waves.cpp ..\..\..\..\Desktop\DuckHunt\Common\xnacollision.cpp BasicModel.cpp DuckHuntMain.cpp Effects.cpp LoadM3d.cpp LoadOBJ.cpp MeshGeometry.cpp RenderStates.cpp ShadowMap.cpp Sky.cpp Ssao.cpp Vertex.cpp
         Vertex.cpp
         Ssao.cpp
         Sky.cpp
         ShadowMap.cpp
         RenderStates.cpp
         MeshGeometry.cpp
         LoadOBJ.cpp
     1>c:\users\nicole\documents\visual studio 2013\projects\duckhunt\loadobj.cpp(96): warning C4018: '<' : signed/unsigned mismatch
     1>c:\users\nicole\documents\visual studio 2013\projects\duckhunt\loadobj.cpp(217): warning C4018: '<' : signed/unsigned mismatch
     1>c:\users\nicole\documents\visual studio 2013\projects\duckhunt\loadobj.cpp(229): warning C4018: '<' : signed/unsigned mismatch
     1>c:\users\nicole\documents\visual studio 2013\projects\duckhunt\loadobj.cpp(354): warning C4018: '<' : signed/unsigned mismatch
         LoadM3d.cpp
         Effects.cpp
         DuckHuntMain.cpp
         BasicModel.cpp
         xnacollision.cpp
         Waves.cpp
         TextureMgr.cpp
         MathHelper.cpp
         LightHelper.cpp
         GeometryGenerator.cpp
         GameTimer.cpp
         d3dUtil.cpp
         d3dApp.cpp
         Generating Code...
         Compiling...
         Camera.cpp
         Generating Code...
       Link:
         C:\Program Files (x86)\Microsoft Visual Studio 12.0\VC\bin\link.exe /ERRORREPORT:PROMPT /OUT:"c:\users\nicole\documents\visual studio 2013\Projects\DuckHunt\Debug\DuckHunt.exe" /INCREMENTAL /NOLOGO d3d11.lib d3dx11d.lib D3DCompiler.lib Effects11d.lib dxerr.lib dxgi.lib dxguid.lib kernel32.lib user32.lib gdi32.lib winspool.lib comdlg32.lib advapi32.lib shell32.lib ole32.lib oleaut32.lib uuid.lib odbc32.lib odbccp32.lib /MANIFEST /MANIFESTUAC:"level='asInvoker' uiAccess='false'" /manifest:embed /DEBUG /PDB:"c:\users\nicole\documents\visual studio 2013\Projects\DuckHunt\Debug\DuckHunt.pdb" /SUBSYSTEM:WINDOWS /TLBID:1 /DYNAMICBASE /NXCOMPAT /IMPLIB:"c:\users\nicole\documents\visual studio 2013\Projects\DuckHunt\Debug\DuckHunt.lib" /MACHINE:X86 Debug\Camera.obj
         Debug\d3dApp.obj
         Debug\d3dUtil.obj
         Debug\GameTimer.obj
         Debug\GeometryGenerator.obj
         Debug\LightHelper.obj
         Debug\MathHelper.obj
         Debug\TextureMgr.obj
         Debug\Waves.obj
         Debug\xnacollision.obj
         Debug\BasicModel.obj
         Debug\DuckHuntMain.obj
         Debug\Effects.obj
         Debug\LoadM3d.obj
         Debug\LoadOBJ.obj
         Debug\MeshGeometry.obj
         Debug\RenderStates.obj
         Debug\ShadowMap.obj
         Debug\Sky.obj
         Debug\Ssao.obj
         Debug\Vertex.obj
     1>Effects11d.lib(d3dxGlobal.obj) : warning LNK4204: 'c:\users\nicole\documents\visual studio 2013\Projects\DuckHunt\Debug\vc120.pdb' is missing debugging information for referencing module; linking object as if no debug info
     1>Effects11d.lib(EffectAPI.obj) : warning LNK4204: 'c:\users\nicole\documents\visual studio 2013\Projects\DuckHunt\Debug\vc120.pdb' is missing debugging information for referencing module; linking object as if no debug info
     1>Effects11d.lib(EffectLoad.obj) : warning LNK4204: 'c:\users\nicole\documents\visual studio 2013\Projects\DuckHunt\Debug\vc120.pdb' is missing debugging information for referencing module; linking object as if no debug info
     1>Effects11d.lib(EffectNonRuntime.obj) : warning LNK4204: 'c:\users\nicole\documents\visual studio 2013\Projects\DuckHunt\Debug\vc120.pdb' is missing debugging information for referencing module; linking object as if no debug info
     1>Effects11d.lib(EffectReflection.obj) : warning LNK4204: 'c:\users\nicole\documents\visual studio 2013\Projects\DuckHunt\Debug\vc120.pdb' is missing debugging information for referencing module; linking object as if no debug info
     1>Effects11d.lib(EffectRuntime.obj) : warning LNK4204: 'c:\users\nicole\documents\visual studio 2013\Projects\DuckHunt\Debug\vc120.pdb' is missing debugging information for referencing module; linking object as if no debug info
         DuckHunt.vcxproj -> c:\users\nicole\documents\visual studio 2013\Projects\DuckHunt\Debug\DuckHunt.exe
     1>Done Building Project "c:\Users\Nicole\documents\visual studio 2013\Projects\DuckHunt\DuckHunt.vcxproj" (Build target(s)).

Build succeeded.

Time Elapsed 00:00:26.95
